Notifying browser that CSS file changed: resources/public/css/screen.css
Notifying browser that CSS file changed: resources/public/css/screen.css
Notifying browser that CSS file changed: resources/public/css/screen.css
Compiling build :app to "target/cljsbuild/public/js/app.js" from ["src/cljs" "src/cljc" "env/dev/cljs"]...
Successfully compiled build :app to "target/cljsbuild/public/js/app.js" in 2.251 seconds.
notifying browser that file changed:  target/cljsbuild/public/js/out/goog/deps.js
notifying browser that file changed:  target/cljsbuild/public/js/out/cljs_deps.js
notifying browser that file changed:  target\cljsbuild\public\js\out\plusapp\core.js
Notifying browser that CSS file changed: resources/public/css/screen.css
Notifying browser that CSS file changed: resources/public/css/screen.css
Notifying browser that CSS file changed: resources/public/css/screen.css
Notifying browser that CSS file changed: resources/public/css/screen.css
Notifying browser that CSS file changed: resources/public/css/screen.css
Compiling build :app to "target/cljsbuild/public/js/app.js" from ["src/cljs" "src/cljc" "env/dev/cljs"]...
Successfully compiled build :app to "target/cljsbuild/public/js/app.js" in 1.711 seconds.
notifying browser that file changed:  target/cljsbuild/public/js/out/goog/deps.js
notifying browser that file changed:  target/cljsbuild/public/js/out/cljs_deps.js
notifying browser that file changed:  target\cljsbuild\public\js\out\plusapp\core.js
Compiling build :app to "target/cljsbuild/public/js/app.js" from ["src/cljs" "src/cljc" "env/dev/cljs"]...
Successfully compiled build :app to "target/cljsbuild/public/js/app.js" in 1.48 seconds.
Compiling build :app to "target/cljsbuild/public/js/app.js" from ["src/cljs" "src/cljc" "env/dev/cljs"]...
Successfully compiled build :app to "target/cljsbuild/public/js/app.js" in 1.361 seconds.
notifying browser that file changed:  target\cljsbuild\public\js\out\plusapp\core.js
Compiling build :app to "target/cljsbuild/public/js/app.js" from ["src/cljs" "src/cljc" "env/dev/cljs"]...
Successfully compiled build :app to "target/cljsbuild/public/js/app.js" in 1.438 seconds.
notifying browser that file changed:  target\cljsbuild\public\js\out\plusapp\core.js
Compiling build :app to "target/cljsbuild/public/js/app.js" from ["src/cljs" "src/cljc" "env/dev/cljs"]...
Successfully compiled build :app to "target/cljsbuild/public/js/app.js" in 1.58 seconds.
notifying browser that file changed:  target\cljsbuild\public\js\out\plusapp\core.js
Notifying browser that CSS file changed: resources/public/css/screen.css
Compiling build :app to "target/cljsbuild/public/js/app.js" from ["src/cljs" "src/cljc" "env/dev/cljs"]...
Successfully compiled build :app to "target/cljsbuild/public/js/app.js" in 1.738 seconds.
notifying browser that file changed:  target\cljsbuild\public\js\out\plusapp\core.js
Notifying browser that CSS file changed: resources/public/css/screen.css
Notifying browser that CSS file changed: resources/public/css/screen.css
Notifying browser that CSS file changed: resources/public/css/screen.css
Notifying browser that CSS file changed: resources/public/css/screen.css
Notifying browser that CSS file changed: resources/public/css/nv.d3.css
Notifying browser that CSS file changed: resources/public/css/nv.d3.css
